2020-09-04T17:09:19.184898+09:00 0 [System] [MY-013169] [Server] /usr/sbin/mysqld (mysqld 8.0.21) initializing of server in progress as process 43
2020-09-04T17:09:19.205549+09:00 1 [System] [MY-013576] [InnoDB] InnoDB initialization has started.
2020-09-04T17:09:20.045948+09:00 1 [System] [MY-013577] [InnoDB] InnoDB initialization has ended.
2020-09-04T17:09:21.648939+09:00 6 [Warning] [MY-010453] [Server] root@localhost is created with an empty password ! Please consider switching off the --initialize-insecure option.
2020-09-04T17:09:29.593943+09:00 0 [System] [MY-010116] [Server] /usr/sbin/mysqld (mysqld 8.0.21) starting as process 90
2020-09-04T17:09:29.627579+09:00 1 [System] [MY-013576] [InnoDB] InnoDB initialization has started.
2020-09-04T17:09:29.955123+09:00 1 [System] [MY-013577] [InnoDB] InnoDB initialization has ended.
2020-09-04T17:09:30.080240+09:00 0 [System] [MY-011323] [Server] X Plugin ready for connections. Socket: /var/run/mysqld/mysqlx.sock
2020-09-04T17:09:30.238828+09:00 0 [Warning] [MY-010068] [Server] CA certificate ca.pem is self signed.
2020-09-04T17:09:30.239342+09:00 0 [System] [MY-013602] [Server] Channel mysql_main configured to support TLS. Encrypted connections are now supported for this channel.
2020-09-04T17:09:30.241436+09:00 0 [Warning] [MY-011810] [Server] Insecure configuration for --pid-file: Location '/var/run/mysqld' in the path is accessible to all OS users. Consider choosing a different directory.
2020-09-04T17:09:30.264866+09:00 0 [System] [MY-010931] [Server] /usr/sbin/mysqld: ready for connections. Version: '8.0.21'  socket: '/var/run/mysqld/mysqld.sock'  port: 0  MySQL Community Server - GPL.
2020-09-04T17:09:39.742908+09:00 14 [System] [MY-013172] [Server] Received SHUTDOWN from user root. Shutting down mysqld (Version: 8.0.21).
2020-09-04T17:09:41.762461+09:00 0 [System] [MY-010910] [Server] /usr/sbin/mysqld: Shutdown complete (mysqld 8.0.21)  MySQL Community Server - GPL.
2020-09-04T17:09:43.034627+09:00 0 [System] [MY-010116] [Server] /usr/sbin/mysqld (mysqld 8.0.21) starting as process 1
2020-09-04T17:09:43.056251+09:00 1 [System] [MY-013576] [InnoDB] InnoDB initialization has started.
2020-09-04T17:09:43.325615+09:00 1 [System] [MY-013577] [InnoDB] InnoDB initialization has ended.
2020-09-04T17:09:43.431274+09:00 0 [System] [MY-011323] [Server] X Plugin ready for connections. Bind-address: '::' port: 33060, socket: /var/run/mysqld/mysqlx.sock
2020-09-04T17:09:43.514746+09:00 0 [Warning] [MY-010068] [Server] CA certificate ca.pem is self signed.
2020-09-04T17:09:43.515475+09:00 0 [System] [MY-013602] [Server] Channel mysql_main configured to support TLS. Encrypted connections are now supported for this channel.
2020-09-04T17:09:43.518687+09:00 0 [Warning] [MY-011810] [Server] Insecure configuration for --pid-file: Location '/var/run/mysqld' in the path is accessible to all OS users. Consider choosing a different directory.
2020-09-04T17:09:43.538702+09:00 0 [System] [MY-010931] [Server] /usr/sbin/mysqld: ready for connections. Version: '8.0.21'  socket: '/var/run/mysqld/mysqld.sock'  port: 3306  MySQL Community Server - GPL.
